[debug] [2021-09-03T20:20:50.709Z] ----------------------------------------------------------------------
[debug] [2021-09-03T20:20:50.711Z] Command:       /Users/z0019bs/.nvm/versions/node/v15.0.1/bin/node /Users/z0019bs/.nvm/versions/node/v15.0.1/bin/firebase deploy --only hosting:infoweb
[debug] [2021-09-03T20:20:50.711Z] CLI Version:   9.6.1
[debug] [2021-09-03T20:20:50.711Z] Platform:      darwin
[debug] [2021-09-03T20:20:50.711Z] Node Version:  v15.0.1
[debug] [2021-09-03T20:20:50.713Z] Time:          Fri Sep 03 2021 15:20:50 GMT-0500 (Central Daylight Time)
[debug] [2021-09-03T20:20:50.713Z] ----------------------------------------------------------------------
[debug] [2021-09-03T20:20:50.713Z] 
[debug] [2021-09-03T20:20:50.720Z] > command requires scopes: ["email","openid","https://www.googleapis.com/auth/cloudplatformprojects.readonly","https://www.googleapis.com/auth/firebase","https://www.googleapis.com/auth/cloud-platform"]
[debug] [2021-09-03T20:20:50.721Z] > authorizing via signed-in user
[debug] [2021-09-03T20:20:50.721Z] [iam] checking project davesdata-2edd6 for permissions ["firebase.projects.get","firebasehosting.sites.update"]
[debug] [2021-09-03T20:20:50.723Z] > refreshing access token with scopes: ["email","https://www.googleapis.com/auth/cloud-platform","https://www.googleapis.com/auth/cloudplatformprojects.readonly","https://www.googleapis.com/auth/firebase","openid"]
[debug] [2021-09-03T20:20:50.724Z] >>> HTTP REQUEST POST https://www.googleapis.com/oauth2/v3/token  
 <request body omitted>
[debug] [2021-09-03T20:20:51.674Z] <<< HTTP RESPONSE 200 {"expires":"Mon, 01 Jan 1990 00:00:00 GMT","pragma":"no-cache","cache-control":"no-cache, no-store, max-age=0, must-revalidate","date":"Fri, 03 Sep 2021 20:20:51 GMT","content-type":"application/json; charset=utf-8","vary":"X-Origin, Referer, Origin,Accept-Encoding","server":"scaffolding on HTTPServer2","x-xss-protection":"0","x-frame-options":"SAMEORIGIN","x-content-type-options":"nosniff","alt-svc":"h3=\":443\"; ma=2592000,h3-29=\":443\"; ma=2592000,h3-T051=\":443\"; ma=2592000,h3-Q050=\":443\"; ma=2592000,h3-Q046=\":443\"; ma=2592000,h3-Q043=\":443\"; ma=2592000,quic=\":443\"; ma=2592000; v=\"46,43\"","accept-ranges":"none","transfer-encoding":"chunked"}
[debug] [2021-09-03T20:20:51.711Z] >>> HTTP REQUEST POST https://cloudresourcemanager.googleapis.com/v1/projects/davesdata-2edd6:testIamPermissions  
 {"permissions":["firebase.projects.get","firebasehosting.sites.update"]}
[debug] [2021-09-03T20:20:53.746Z] <<< HTTP RESPONSE 200 {"content-type":"application/json; charset=UTF-8","vary":"X-Origin, Referer, Origin,Accept-Encoding","date":"Fri, 03 Sep 2021 20:20:53 GMT","server":"ESF","cache-control":"private","x-xss-protection":"0","x-frame-options":"SAMEORIGIN","x-content-type-options":"nosniff","server-timing":"gfet4t7; dur=1179","alt-svc":"h3=\":443\"; ma=2592000,h3-29=\":443\"; ma=2592000,h3-T051=\":443\"; ma=2592000,h3-Q050=\":443\"; ma=2592000,h3-Q046=\":443\"; ma=2592000,h3-Q043=\":443\"; ma=2592000,quic=\":443\"; ma=2592000; v=\"46,43\"","accept-ranges":"none","transfer-encoding":"chunked"}
[debug] [2021-09-03T20:20:53.748Z] > refreshing access token with scopes: []
[debug] [2021-09-03T20:20:53.748Z] >>> HTTP REQUEST POST https://www.googleapis.com/oauth2/v3/token  
 <request body omitted>
[debug] [2021-09-03T20:20:54.790Z] <<< HTTP RESPONSE 200 {"cache-control":"no-cache, no-store, max-age=0, must-revalidate","expires":"Mon, 01 Jan 1990 00:00:00 GMT","date":"Fri, 03 Sep 2021 20:20:54 GMT","pragma":"no-cache","content-type":"application/json; charset=utf-8","vary":"X-Origin, Referer, Origin,Accept-Encoding","server":"scaffolding on HTTPServer2","x-xss-protection":"0","x-frame-options":"SAMEORIGIN","x-content-type-options":"nosniff","alt-svc":"h3=\":443\"; ma=2592000,h3-29=\":443\"; ma=2592000,h3-T051=\":443\"; ma=2592000,h3-Q050=\":443\"; ma=2592000,h3-Q046=\":443\"; ma=2592000,h3-Q043=\":443\"; ma=2592000,quic=\":443\"; ma=2592000; v=\"46,43\"","accept-ranges":"none","transfer-encoding":"chunked"}
[debug] [2021-09-03T20:20:54.824Z] >>> [apiv2][query] GET https://firebase.googleapis.com/v1beta1/projects/davesdata-2edd6 [none]
[debug] [2021-09-03T20:20:55.918Z] <<< [apiv2][status] GET https://firebase.googleapis.com/v1beta1/projects/davesdata-2edd6 200
[debug] [2021-09-03T20:20:55.918Z] <<< [apiv2][body] GET https://firebase.googleapis.com/v1beta1/projects/davesdata-2edd6 {"projectId":"davesdata-2edd6","projectNumber":"825056787197","displayName":"davesdata","name":"projects/davesdata-2edd6","resources":{"hostingSite":"davesdata-2edd6","storageBucket":"davesdata-2edd6.appspot.com","locationId":"us-central"},"state":"ACTIVE"}
[debug] [2021-09-03T20:20:56.802Z] TypeError [ERR_INVALID_ARG_TYPE]: The "path" argument must be of type string. Received undefined
    at new NodeError (node:internal/errors:258:15)
    at validateString (node:internal/validators:123:11)
    at Object.join (node:path:1039:7)
    at Object.checkFunctionsSDKVersion [as fn] (/Users/z0019bs/.nvm/versions/node/v15.0.1/lib/node_modules/firebase-tools/lib/checkFirebaseSDKVersion.js:34:28)
    at /Users/z0019bs/.nvm/versions/node/v15.0.1/lib/node_modules/firebase-tools/lib/command.js:161:30
    at processTicksAndRejections (node:internal/process/task_queues:93:5)
[error] 
[error] Error: An unexpected error has occurred.
